  [1m[35m (116.6ms)[0m  [1m[35mCREATE DATABASE "hello_world_development" ENCODING = 'unicode'[0m
  [1m[35m (40.0ms)[0m  [1m[35mCREATE DATABASE "hello_world_test" ENCODING = 'unicode'[0m
Started GET "/" for ::1 at 2022-11-01 20:10:27 -0400
Processing by HomeController#index as HTML
  Rendering layout layouts/application.html.erb
  Rendering home/index.html.erb within layouts/application
  Rendered home/index.html.erb within layouts/application (Duration: 10.4ms | Allocations: 5443)
  Rendered layout layouts/application.html.erb (Duration: 10.6ms | Allocations: 5555)
Completed 500 Internal Server Error in 19ms (ActiveRecord: 0.0ms | Allocations: 10130)


  
ActionView::Template::Error (undefined method `react_component' for #<ActionView::Base:0x0000000000a230>

            @virtual_path = "home/index";;@output_buffer.append=( react_component 'App' );@output_buffer.safe_append='
                                                                  ^^^^^^^^^^^^^^^):
    1: <%= react_component 'App' %>
    2: <h1>Home#index</h1>
    3: <p>Find me in app/views/home/index.html.erb</p>
  
app/views/home/index.html.erb:1
Started GET "/" for ::1 at 2022-11-01 20:10:40 -0400
Processing by HomeController#index as HTML
  Rendering layout layouts/application.html.erb
  Rendering home/index.html.erb within layouts/application
  Rendered home/index.html.erb within layouts/application (Duration: 0.5ms | Allocations: 533)
Started GET "/" for ::1 at 2022-11-01 20:10:42 -0400
Processing by HomeController#index as HTML
  Rendering layout layouts/application.html.erb
  Rendering home/index.html.erb within layouts/application
  Rendered home/index.html.erb within layouts/application (Duration: 0.1ms | Allocations: 75)
[Webpacker] Compiling...
[Webpacker] Compiling...
[Webpacker] Compilation failed:
Hash: e7a5857e175c159095d3
Version: webpack 4.46.0
Time: 2102ms
Built at: 11/01/2022 8:10:48 PM
                                          Asset      Size            Chunks                         Chunk Names
         js/application-35539fef979d3db9b56d.js  2.31 MiB       application  [emitted] [immutable]  application
     js/application-35539fef979d3db9b56d.js.map  2.44 MiB       application  [emitted] [dev]        application
         js/hello_react-f09a8154b7c2e685d2f7.js  1.24 MiB       hello_react  [emitted] [immutable]  hello_react
     js/hello_react-f09a8154b7c2e685d2f7.js.map  1.41 MiB       hello_react  [emitted] [dev]        hello_react
    js/server_rendering-6977928382b14063ad44.js  2.31 MiB  server_rendering  [emitted] [immutable]  server_rendering
js/server_rendering-6977928382b14063ad44.js.map  2.44 MiB  server_rendering  [emitted] [dev]        server_rendering
                                  manifest.json  1.05 KiB                    [emitted]              
Entrypoint application = js/application-35539fef979d3db9b56d.js js/application-35539fef979d3db9b56d.js.map
Entrypoint hello_react = js/hello_react-f09a8154b7c2e685d2f7.js js/hello_react-f09a8154b7c2e685d2f7.js.map
Entrypoint server_rendering = js/server_rendering-6977928382b14063ad44.js js/server_rendering-6977928382b14063ad44.js.map
[./app/javascript/components sync recursive ^\.\/.*$] ./app/javascript/components sync ^\.\/.*$ 322 bytes {application} {server_rendering} [built]
[./app/javascript/packs/application.js] 214 bytes {application} [built]
[./app/javascript/packs/hello_react.jsx] 1.08 KiB {hello_react} [built]
[./app/javascript/packs/server_rendering.js] 299 bytes {server_rendering} [built]
[./node_modules/webpack/buildin/global.js] (webpack)/buildin/global.js 474 bytes {application} {hello_react} {server_rendering} [built]
[./node_modules/webpack/buildin/module.js] (webpack)/buildin/module.js 547 bytes {application} {hello_react} {server_rendering} [built]
    + 124 hidden modules

ERROR in ./app/javascript/components/App.js
Module not found: Error: Can't resolve 'react-router-dom' in '/Users/jeremyduncan/repos/react-in-rails/hello-world/app/javascript/components'
 @ ./app/javascript/components/App.js 3:0-64 9:42-55 23:39-45 30:38-43 46:39-44
 @ ./app/javascript/components sync ^\.\/.*$
 @ ./app/javascript/packs/application.js

ERROR in ./app/javascript/components/components/Navigation.js
Module not found: Error: Can't resolve 'react-router-dom' in '/Users/jeremyduncan/repos/react-in-rails/hello-world/app/javascript/components/components'
 @ ./app/javascript/components/components/Navigation.js 4:0-43 21:38-45 37:38-45
 @ ./app/javascript/components sync ^\.\/.*$
 @ ./app/javascript/packs/application.js


warning package.json: No license field

[Webpacker] Compilation failed:
Hash: e7a5857e175c159095d3
Version: webpack 4.46.0
Time: 2103ms
Built at: 11/01/2022 8:10:48 PM
                                          Asset      Size            Chunks                         Chunk Names
         js/application-35539fef979d3db9b56d.js  2.31 MiB       application  [emitted] [immutable]  application
     js/application-35539fef979d3db9b56d.js.map  2.44 MiB       application  [emitted] [dev]        application
         js/hello_react-f09a8154b7c2e685d2f7.js  1.24 MiB       hello_react  [emitted] [immutable]  hello_react
     js/hello_react-f09a8154b7c2e685d2f7.js.map  1.41 MiB       hello_react  [emitted] [dev]        hello_react
    js/server_rendering-6977928382b14063ad44.js  2.31 MiB  server_rendering  [emitted] [immutable]  server_rendering
js/server_rendering-6977928382b14063ad44.js.map  2.44 MiB  server_rendering  [emitted] [dev]        server_rendering
                                  manifest.json  1.05 KiB                    [emitted]              
Entrypoint application = js/application-35539fef979d3db9b56d.js js/application-35539fef979d3db9b56d.js.map
Entrypoint hello_react = js/hello_react-f09a8154b7c2e685d2f7.js js/hello_react-f09a8154b7c2e685d2f7.js.map
Entrypoint server_rendering = js/server_rendering-6977928382b14063ad44.js js/server_rendering-6977928382b14063ad44.js.map
[./app/javascript/components sync recursive ^\.\/.*$] ./app/javascript/components sync ^\.\/.*$ 322 bytes {application} {server_rendering} [built]
[./app/javascript/packs/application.js] 214 bytes {application} [built]
[./app/javascript/packs/hello_react.jsx] 1.08 KiB {hello_react} [built]
[./app/javascript/packs/server_rendering.js] 299 bytes {server_rendering} [built]
[./node_modules/webpack/buildin/global.js] (webpack)/buildin/global.js 474 bytes {application} {hello_react} {server_rendering} [built]
[./node_modules/webpack/buildin/module.js] (webpack)/buildin/module.js 547 bytes {application} {hello_react} {server_rendering} [built]
    + 124 hidden modules

ERROR in ./app/javascript/components/App.js
Module not found: Error: Can't resolve 'react-router-dom' in '/Users/jeremyduncan/repos/react-in-rails/hello-world/app/javascript/components'
 @ ./app/javascript/components/App.js 3:0-64 9:42-55 23:39-45 30:38-43 46:39-44
 @ ./app/javascript/components sync ^\.\/.*$
 @ ./app/javascript/packs/application.js

ERROR in ./app/javascript/components/components/Navigation.js
Module not found: Error: Can't resolve 'react-router-dom' in '/Users/jeremyduncan/repos/react-in-rails/hello-world/app/javascript/components/components'
 @ ./app/javascript/components/components/Navigation.js 4:0-43 21:38-45 37:38-45
 @ ./app/javascript/components sync ^\.\/.*$
 @ ./app/javascript/packs/application.js


warning package.json: No license field

  Rendered layout layouts/application.html.erb (Duration: 8370.6ms | Allocations: 231292)
Completed 200 OK in 8375ms (Views: 8372.2ms | ActiveRecord: 0.0ms | Allocations: 234815)


  Rendered layout layouts/application.html.erb (Duration: 6281.3ms | Allocations: 199349)
Completed 200 OK in 6282ms (Views: 6281.7ms | ActiveRecord: 0.0ms | Allocations: 199853)


Started GET "/" for ::1 at 2022-11-01 20:10:48 -0400
Processing by HomeController#index as HTML
  Rendering layout layouts/application.html.erb
  Rendering home/index.html.erb within layouts/application
  Rendered home/index.html.erb within layouts/application (Duration: 0.1ms | Allocations: 103)
[Webpacker] Everything's up-to-date. Nothing to do
  Rendered layout layouts/application.html.erb (Duration: 7.8ms | Allocations: 6786)
Completed 200 OK in 9ms (Views: 8.1ms | ActiveRecord: 0.0ms | Allocations: 7117)


